app/build/intermediates/manifest_merge_blame_file/debug/processDebugMainManifest/manifest-merger-blame-debug-report.txt
1<?xml version="1.0" encoding="utf-8"?>
2<manifest xmlns:android="http://schemas.android.com/apk/res/android"
3    package="com.agon.app"
4    android:versionCode="1"
5    android:versionName="1.0" >
6
7    <uses-sdk
8        android:minSdkVersion="26"
9        android:targetSdkVersion="35" />
10
11    <uses-permission android:name="android.permission.INTERNET" />
11-->src\main\AndroidManifest.xml:4:5-67
11-->src\main\AndroidManifest.xml:4:22-64
12    <uses-permission android:name="android.permission.RECEIVE_BOOT_COMPLETED" />
12-->src\main\AndroidManifest.xml:5:5-81
12-->src\main\AndroidManifest.xml:5:22-78
13    <uses-permission android:name="android.permission.FOREGROUND_SERVICE" />
13-->src\main\AndroidManifest.xml:6:5-77
13-->src\main\AndroidManifest.xml:6:22-74
14    <uses-permission android:name="android.permission.FOREGROUND_SERVICE_SPECIAL_USE" />
14-->src\main\AndroidManifest.xml:7:5-89
14-->src\main\AndroidManifest.xml:7:22-86
15    <uses-permission android:name="android.permission.PACKAGE_USAGE_STATS" />
15-->src\main\AndroidManifest.xml:8:5-78
15-->src\main\AndroidManifest.xml:8:22-75
16    <uses-permission android:name="android.permission.SYSTEM_ALERT_WINDOW" />
16-->src\main\AndroidManifest.xml:9:5-78
16-->src\main\AndroidManifest.xml:9:22-75
17    <uses-permission android:name="android.permission.QUERY_ALL_PACKAGES" />
17-->src\main\AndroidManifest.xml:10:5-77
17-->src\main\AndroidManifest.xml:10:22-74
18    <uses-permission android:name="android.permission.FOREGROUND_SERVICE_MEDIA_PROJECTION" />
18-->src\main\AndroidManifest.xml:11:5-94
18-->src\main\AndroidManifest.xml:11:22-91
19    <uses-permission android:name="android.permission.POST_NOTIFICATIONS" />
19-->src\main\AndroidManifest.xml:12:5-77
19-->src\main\AndroidManifest.xml:12:22-74
20
21    <permission
21-->[androidx.core:core:1.16.0] AndroidManifest.xml:22:5-24:47
22        android:name="com.agon.app.DYNAMIC_RECEIVER_NOT_EXPORTED_PERMISSION"
22-->[androidx.core:core:1.16.0] AndroidManifest.xml:23:9-81
23        android:protectionLevel="signature" />
23-->[androidx.core:core:1.16.0] AndroidManifest.xml:24:9-44
24
25    <uses-permission android:name="com.agon.app.DYNAMIC_RECEIVER_NOT_EXPORTED_PERMISSION" />
25-->[androidx.core:core:1.16.0] AndroidManifest.xml:26:5-97
25-->[androidx.core:core:1.16.0] AndroidManifest.xml:26:22-94
26
27    <application
27-->src\main\AndroidManifest.xml:14:5-99:19
28        android:name="com.agon.app.GuardianApp"
28-->src\main\AndroidManifest.xml:15:9-36
29        android:allowBackup="true"
29-->src\main\AndroidManifest.xml:16:9-35
30        android:appComponentFactory="androidx.core.app.CoreComponentFactory"
30-->[androidx.core:core:1.16.0] AndroidManifest.xml:28:18-86
31        android:debuggable="true"
32        android:extractNativeLibs="false"
33        android:icon="@mipmap/ic_launcher"
33-->src\main\AndroidManifest.xml:19:9-43
34        android:label="@string/app_name"
34-->src\main\AndroidManifest.xml:17:9-41
35        android:supportsRtl="true"
35-->src\main\AndroidManifest.xml:18:9-35
36        android:testOnly="true"
37        android:theme="@android:style/Theme.Material.Light.NoActionBar" >
37-->src\main\AndroidManifest.xml:19:44-107
38        <activity
38-->src\main\AndroidManifest.xml:21:9-29:20
39            android:name="com.agon.app.MainActivity"
39-->src\main\AndroidManifest.xml:22:13-41
40            android:exported="true"
40-->src\main\AndroidManifest.xml:23:13-36
41            android:windowSoftInputMode="adjustResize" >
41-->src\main\AndroidManifest.xml:24:13-55
42            <intent-filter>
42-->src\main\AndroidManifest.xml:25:13-28:29
43                <action android:name="android.intent.action.MAIN" />
43-->src\main\AndroidManifest.xml:26:17-69
43-->src\main\AndroidManifest.xml:26:25-66
44
45                <category android:name="android.intent.category.LAUNCHER" />
45-->src\main\AndroidManifest.xml:27:17-77
45-->src\main\AndroidManifest.xml:27:27-74
46            </intent-filter>
47        </activity>
48        <activity
48-->src\main\AndroidManifest.xml:31:9-36:79
49            android:name="com.agon.app.ui.screens.BlockActivity"
49-->src\main\AndroidManifest.xml:32:13-53
50            android:excludeFromRecents="true"
50-->src\main\AndroidManifest.xml:35:13-46
51            android:exported="false"
51-->src\main\AndroidManifest.xml:33:13-37
52            android:launchMode="singleTask"
52-->src\main\AndroidManifest.xml:34:13-44
53            android:theme="@android:style/Theme.Material.Light.NoActionBar" />
53-->src\main\AndroidManifest.xml:36:13-76
54
55        <service
55-->src\main\AndroidManifest.xml:38:9-48:19
56            android:name="com.agon.app.services.GuardianAccessibilityService"
56-->src\main\AndroidManifest.xml:39:13-66
57            android:exported="true"
57-->src\main\AndroidManifest.xml:41:13-36
58            android:permission="android.permission.BIND_ACCESSIBILITY_SERVICE" >
58-->src\main\AndroidManifest.xml:40:13-79
59            <intent-filter>
59-->src\main\AndroidManifest.xml:42:13-44:29
60                <action android:name="android.accessibilityservice.AccessibilityService" />
60-->src\main\AndroidManifest.xml:43:17-92
60-->src\main\AndroidManifest.xml:43:25-89
61            </intent-filter>
62
63            <meta-data
63-->src\main\AndroidManifest.xml:45:13-47:72
64                android:name="android.accessibilityservice"
64-->src\main\AndroidManifest.xml:46:17-60
65                android:resource="@xml/accessibility_service_config" />
65-->src\main\AndroidManifest.xml:47:17-69
66        </service>
67        <service
67-->src\main\AndroidManifest.xml:50:9-57:19
68            android:name="com.agon.app.services.GuardianVpnService"
68-->src\main\AndroidManifest.xml:51:13-56
69            android:exported="true"
69-->src\main\AndroidManifest.xml:53:13-36
70            android:permission="android.permission.BIND_VPN_SERVICE" >
70-->src\main\AndroidManifest.xml:52:13-69
71            <intent-filter>
71-->src\main\AndroidManifest.xml:54:13-56:29
72                <action android:name="android.net.VpnService" />
72-->src\main\AndroidManifest.xml:55:17-65
72-->src\main\AndroidManifest.xml:55:25-62
73            </intent-filter>
74        </service>
75        <service
75-->src\main\AndroidManifest.xml:59:9-62:40
76            android:name="com.agon.app.services.AIExplorerService"
76-->src\main\AndroidManifest.xml:60:13-55
77            android:exported="false"
77-->src\main\AndroidManifest.xml:62:13-37
78            android:foregroundServiceType="mediaProjection" />
78-->src\main\AndroidManifest.xml:61:13-60
79
80        <receiver
80-->src\main\AndroidManifest.xml:64:9-75:20
81            android:name="com.agon.app.receivers.GuardianDeviceAdminReceiver"
81-->src\main\AndroidManifest.xml:65:13-66
82            android:exported="true"
82-->src\main\AndroidManifest.xml:67:13-36
83            android:permission="android.permission.BIND_DEVICE_ADMIN" >
83-->src\main\AndroidManifest.xml:66:13-70
84            <meta-data
84-->src\main\AndroidManifest.xml:68:13-70:65
85                android:name="android.app.device_admin"
85-->src\main\AndroidManifest.xml:69:17-56
86                android:resource="@xml/device_admin_receiver" />
86-->src\main\AndroidManifest.xml:70:17-62
87
88            <intent-filter>
88-->src\main\AndroidManifest.xml:71:13-74:29
89                <action android:name="android.app.action.DEVICE_ADMIN_ENABLED" />
89-->src\main\AndroidManifest.xml:72:17-82
89-->src\main\AndroidManifest.xml:72:25-79
90                <action android:name="android.app.action.DEVICE_ADMIN_DISABLED" />
90-->src\main\AndroidManifest.xml:73:17-83
90-->src\main\AndroidManifest.xml:73:25-80
91            </intent-filter>
92        </receiver>
93        <receiver
93-->src\main\AndroidManifest.xml:77:9-83:20
94            android:name="com.agon.app.receivers.BootReceiver"
94-->src\main\AndroidManifest.xml:78:13-51
95            android:exported="true" >
95-->src\main\AndroidManifest.xml:79:13-36
96            <intent-filter>
96-->src\main\AndroidManifest.xml:80:13-82:29
97                <action android:name="android.intent.action.BOOT_COMPLETED" />
97-->src\main\AndroidManifest.xml:81:17-79
97-->src\main\AndroidManifest.xml:81:25-76
98            </intent-filter>
99        </receiver>
100        <receiver
100-->src\main\AndroidManifest.xml:85:9-93:20
101            android:name="com.agon.app.services.AIExplorerRestartReceiver"
101-->src\main\AndroidManifest.xml:86:13-63
102            android:exported="true" >
102-->src\main\AndroidManifest.xml:87:13-36
103            <intent-filter>
103-->src\main\AndroidManifest.xml:88:13-92:29
104                <action android:name="android.intent.action.MY_PACKAGE_REPLACED" />
104-->src\main\AndroidManifest.xml:89:17-84
104-->src\main\AndroidManifest.xml:89:25-81
105                <action android:name="android.intent.action.PACKAGE_REPLACED" />
105-->src\main\AndroidManifest.xml:90:17-81
105-->src\main\AndroidManifest.xml:90:25-78
106
107                <data android:scheme="package" />
107-->src\main\AndroidManifest.xml:91:17-50
107-->src\main\AndroidManifest.xml:91:23-47
108            </intent-filter>
109        </receiver>
110        <receiver
110-->src\main\AndroidManifest.xml:95:9-97:40
111            android:name="com.agon.app.utils.ScheduleReceiver"
111-->src\main\AndroidManifest.xml:96:13-51
112            android:exported="false" />
112-->src\main\AndroidManifest.xml:97:13-37
113
114        <activity
114-->[androidx.compose.ui:ui-tooling-android:1.10.2] AndroidManifest.xml:23:9-25:39
115            android:name="androidx.compose.ui.tooling.PreviewActivity"
115-->[androidx.compose.ui:ui-tooling-android:1.10.2] AndroidManifest.xml:24:13-71
116            android:exported="true" />
116-->[androidx.compose.ui:ui-tooling-android:1.10.2] AndroidManifest.xml:25:13-36
117
118        <uses-library
118-->[androidx.window:window:1.5.0] AndroidManifest.xml:23:9-25:40
119            android:name="androidx.window.extensions"
119-->[androidx.window:window:1.5.0] AndroidManifest.xml:24:13-54
120            android:required="false" />
120-->[androidx.window:window:1.5.0] AndroidManifest.xml:25:13-37
121        <uses-library
121-->[androidx.window:window:1.5.0] AndroidManifest.xml:26:9-28:40
122            android:name="androidx.window.sidecar"
122-->[androidx.window:window:1.5.0] AndroidManifest.xml:27:13-51
123            android:required="false" />
123-->[androidx.window:window:1.5.0] AndroidManifest.xml:28:13-37
124
125        <provider
125-->[androidx.emoji2:emoji2:1.4.0] AndroidManifest.xml:24:9-32:20
126            android:name="androidx.startup.InitializationProvider"
126-->[androidx.emoji2:emoji2:1.4.0] AndroidManifest.xml:25:13-67
127            android:authorities="com.agon.app.androidx-startup"
127-->[androidx.emoji2:emoji2:1.4.0] AndroidManifest.xml:26:13-68
128            android:exported="false" >
128-->[androidx.emoji2:emoji2:1.4.0] AndroidManifest.xml:27:13-37
129            <meta-data
129-->[androidx.emoji2:emoji2:1.4.0] AndroidManifest.xml:29:13-31:52
130                android:name="androidx.emoji2.text.EmojiCompatInitializer"
130-->[androidx.emoji2:emoji2:1.4.0] AndroidManifest.xml:30:17-75
131                android:value="androidx.startup" />
131-->[androidx.emoji2:emoji2:1.4.0] AndroidManifest.xml:31:17-49
132            <meta-data
132-->[androidx.lifecycle:lifecycle-process:2.10.0] AndroidManifest.xml:29:13-31:52
133                android:name="androidx.lifecycle.ProcessLifecycleInitializer"
133-->[androidx.lifecycle:lifecycle-process:2.10.0] AndroidManifest.xml:30:17-78
134                android:value="androidx.startup" />
134-->[androidx.lifecycle:lifecycle-process:2.10.0] AndroidManifest.xml:31:17-49
135            <meta-data
135-->[androidx.profileinstaller:profileinstaller:1.4.1] AndroidManifest.xml:29:13-31:52
136                android:name="androidx.profileinstaller.ProfileInstallerInitializer"
136-->[androidx.profileinstaller:profileinstaller:1.4.1] AndroidManifest.xml:30:17-85
137                android:value="androidx.startup" />
137-->[androidx.profileinstaller:profileinstaller:1.4.1] AndroidManifest.xml:31:17-49
138        </provider>
139
140        <receiver
140-->[androidx.profileinstaller:profileinstaller:1.4.1] AndroidManifest.xml:34:9-52:20
141            android:name="androidx.profileinstaller.ProfileInstallReceiver"
141-->[androidx.profileinstaller:profileinstaller:1.4.1] AndroidManifest.xml:35:13-76
142            android:directBootAware="false"
142-->[androidx.profileinstaller:profileinstaller:1.4.1] AndroidManifest.xml:36:13-44
143            android:enabled="true"
143-->[androidx.profileinstaller:profileinstaller:1.4.1] AndroidManifest.xml:37:13-35
144            android:exported="true"
144-->[androidx.profileinstaller:profileinstaller:1.4.1] AndroidManifest.xml:38:13-36
145            android:permission="android.permission.DUMP" >
145-->[androidx.profileinstaller:profileinstaller:1.4.1] AndroidManifest.xml:39:13-57
146            <intent-filter>
146-->[androidx.profileinstaller:profileinstaller:1.4.1] AndroidManifest.xml:40:13-42:29
147                <action android:name="androidx.profileinstaller.action.INSTALL_PROFILE" />
147-->[androidx.profileinstaller:profileinstaller:1.4.1] AndroidManifest.xml:41:17-91
147-->[androidx.profileinstaller:profileinstaller:1.4.1] AndroidManifest.xml:41:25-88
148            </intent-filter>
149            <intent-filter>
149-->[androidx.profileinstaller:profileinstaller:1.4.1] AndroidManifest.xml:43:13-45:29
150                <action android:name="androidx.profileinstaller.action.SKIP_FILE" />
150-->[androidx.profileinstaller:profileinstaller:1.4.1] AndroidManifest.xml:44:17-85
150-->[androidx.profileinstaller:profileinstaller:1.4.1] AndroidManifest.xml:44:25-82
151            </intent-filter>
152            <intent-filter>
152-->[androidx.profileinstaller:profileinstaller:1.4.1] AndroidManifest.xml:46:13-48:29
153                <action android:name="androidx.profileinstaller.action.SAVE_PROFILE" />
153-->[androidx.profileinstaller:profileinstaller:1.4.1] AndroidManifest.xml:47:17-88
153-->[androidx.profileinstaller:profileinstaller:1.4.1] AndroidManifest.xml:47:25-85
154            </intent-filter>
155            <intent-filter>
155-->[androidx.profileinstaller:profileinstaller:1.4.1] AndroidManifest.xml:49:13-51:29
156                <action android:name="androidx.profileinstaller.action.BENCHMARK_OPERATION" />
156-->[androidx.profileinstaller:profileinstaller:1.4.1] AndroidManifest.xml:50:17-95
156-->[androidx.profileinstaller:profileinstaller:1.4.1] AndroidManifest.xml:50:25-92
157            </intent-filter>
158        </receiver>
159    </application>
160
161</manifest>